build/app/intermediates/manifest_merge_blame_file/debug/manifest-merger-blame-debug-report.txt
1<?xml version="1.0" encoding="utf-8"?>
2<manifest xmlns:android="http://schemas.android.com/apk/res/android"
3    package="br.com.newpointer.fenix.bi"
4    android:versionCode="1020"
5    android:versionName="1.0.20" >
6
7    <uses-sdk
8        android:minSdkVersion="16"
9        android:targetSdkVersion="28" />
10    <!--
11         Flutter needs it to communicate with the running application
12         to allow setting breakpoints, to provide hot reload, etc.
13    -->
14    <uses-permission android:name="android.permission.INTERNET" />
14-->src/debug/AndroidManifest.xml:6:5-66
14-->src/debug/AndroidManifest.xml:6:22-64
15    <uses-permission android:name="android.permission.USE_FINGERPRINT" />
15-->src/debug/AndroidManifest.xml:7:5-73
15-->src/debug/AndroidManifest.xml:7:22-71
16    <uses-permission android:name="android.permission.ACCESS_NETWORK_STATE" />
16-->[:firebase_analytics] AndroidManifest.xml:7:5-79
16-->[:firebase_analytics] AndroidManifest.xml:7:22-76
17    <uses-permission android:name="android.permission.WAKE_LOCK" />
17-->[:firebase_analytics] AndroidManifest.xml:9:5-68
17-->[:firebase_analytics] AndroidManifest.xml:9:22-65
18    <uses-permission android:name="com.google.android.finsky.permission.BIND_GET_INSTALL_REFERRER_SERVICE" /> <!-- Required by older versions of Google Play services to create IID tokens -->
18-->[com.google.android.gms:play-services-measurement:17.4.3] AndroidManifest.xml:26:5-110
18-->[com.google.android.gms:play-services-measurement:17.4.3] AndroidManifest.xml:26:22-107
19    <uses-permission android:name="com.google.android.c2dm.permission.RECEIVE" />
19-->[com.google.firebase:firebase-iid:20.2.1] AndroidManifest.xml:26:5-82
19-->[com.google.firebase:firebase-iid:20.2.1] AndroidManifest.xml:26:22-79
20    <uses-permission android:name="android.permission.USE_BIOMETRIC" />
20-->[androidx.biometric:biometric:1.0.0-beta01] AndroidManifest.xml:24:5-72
20-->[androidx.biometric:biometric:1.0.0-beta01] AndroidManifest.xml:24:22-69
21    <!--
22 io.flutter.app.FlutterApplication is an android.app.Application that
23         calls FlutterMain.startInitialization(this); in its onCreate method.
24         In most cases you can leave this as-is, but you if you want to provide
25         additional functionality it is fine to subclass or reimplement
26         FlutterApplication and put your custom class here.
27    -->
28    <application
28-->src/main/AndroidManifest.xml:8:5-36:19
29        android:name="io.flutter.app.FlutterApplication"
29-->src/main/AndroidManifest.xml:9:9-57
30        android:appComponentFactory="androidx.core.app.CoreComponentFactory"
30-->[androidx.core:core:1.1.0] AndroidManifest.xml:24:18-86
31        android:debuggable="true"
32        android:icon="@mipmap/ic_launcher"
32-->src/main/AndroidManifest.xml:11:9-43
33        android:label="Fenix BI" >
33-->src/main/AndroidManifest.xml:10:9-33
34        <activity
34-->src/main/AndroidManifest.xml:12:9-27:20
35            android:name="br.com.newpointer.fenix.bi.MainActivity"
35-->src/main/AndroidManifest.xml:13:13-41
36            android:configChanges="orientation|keyboardHidden|keyboard|screenSize|smallestScreenSize|locale|layoutDirection|fontScale|screenLayout|density|uiMode"
36-->src/main/AndroidManifest.xml:16:13-163
37            android:hardwareAccelerated="true"
37-->src/main/AndroidManifest.xml:17:13-47
38            android:launchMode="singleTop"
38-->src/main/AndroidManifest.xml:14:13-43
39            android:theme="@style/LaunchTheme"
39-->src/main/AndroidManifest.xml:15:13-47
40            android:windowSoftInputMode="adjustResize" >
40-->src/main/AndroidManifest.xml:18:13-55
41            <intent-filter>
41-->src/main/AndroidManifest.xml:19:13-22:29
42                <action android:name="android.intent.action.MAIN" />
42-->src/main/AndroidManifest.xml:20:17-68
42-->src/main/AndroidManifest.xml:20:25-66
43
44                <category android:name="android.intent.category.LAUNCHER" />
44-->src/main/AndroidManifest.xml:21:17-76
44-->src/main/AndroidManifest.xml:21:27-74
45            </intent-filter>
46            <intent-filter>
46-->src/main/AndroidManifest.xml:23:13-26:29
47                <action android:name="FLUTTER_NOTIFICATION_CLICK" />
47-->src/main/AndroidManifest.xml:24:17-69
47-->src/main/AndroidManifest.xml:24:25-66
48
49                <category android:name="android.intent.category.DEFAULT" />
49-->src/main/AndroidManifest.xml:25:17-76
49-->src/main/AndroidManifest.xml:25:27-73
50            </intent-filter>
51        </activity>
52        <!--
53             Don't delete the meta-data below.
54             This is used by the Flutter tool to generate GeneratedPluginRegistrant.java
55        -->
56        <meta-data
56-->src/main/AndroidManifest.xml:30:9-32:33
57            android:name="flutterEmbedding"
57-->src/main/AndroidManifest.xml:31:13-44
58            android:value="2" />
58-->src/main/AndroidManifest.xml:32:13-30
59        <meta-data
59-->src/main/AndroidManifest.xml:33:9-35:58
60            android:name="com.google.firebase.messaging.default_notification_icon"
60-->src/main/AndroidManifest.xml:34:13-83
61            android:resource="@mipmap/ic_notification" />
61-->src/main/AndroidManifest.xml:35:13-55
62
63        <service
63-->[:firebase_core] AndroidManifest.xml:8:9-12:19
64            android:name="com.google.firebase.components.ComponentDiscoveryService"
64-->[:firebase_core] AndroidManifest.xml:8:18-89
65            android:directBootAware="true"
65-->[com.google.firebase:firebase-common:19.3.0] AndroidManifest.xml:34:13-43
66            android:exported="false" >
66-->[com.google.firebase:firebase-messaging:20.2.1] AndroidManifest.xml:38:13-37
67            <meta-data
67-->[:firebase_core] AndroidManifest.xml:9:13-11:85
68                android:name="com.google.firebase.components:io.flutter.plugins.firebase.core.FlutterFirebaseAppRegistrar"
68-->[:firebase_core] AndroidManifest.xml:10:17-123
69                android:value="com.google.firebase.components.ComponentRegistrar" />
69-->[:firebase_core] AndroidManifest.xml:11:17-82
70            <meta-data
70-->[:firebase_messaging] AndroidManifest.xml:14:13-16:85
71                android:name="com.google.firebase.components:io.flutter.plugins.firebasemessaging.FlutterFirebaseAppRegistrar"
71-->[:firebase_messaging] AndroidManifest.xml:15:17-127
72                android:value="com.google.firebase.components.ComponentRegistrar" />
72-->[:firebase_messaging] AndroidManifest.xml:16:17-82
73            <meta-data
73-->[:firebase_analytics] AndroidManifest.xml:13:13-15:85
74                android:name="com.google.firebase.components:io.flutter.plugins.firebaseanalytics.FlutterFirebaseAppRegistrar"
74-->[:firebase_analytics] AndroidManifest.xml:14:17-127
75                android:value="com.google.firebase.components.ComponentRegistrar" />
75-->[:firebase_analytics] AndroidManifest.xml:15:17-82
76            <meta-data
76-->[com.google.firebase:firebase-messaging:20.2.1] AndroidManifest.xml:39:13-41:85
77                android:name="com.google.firebase.components:com.google.firebase.messaging.FirebaseMessagingRegistrar"
77-->[com.google.firebase:firebase-messaging:20.2.1] AndroidManifest.xml:40:17-119
78                android:value="com.google.firebase.components.ComponentRegistrar" />
78-->[com.google.firebase:firebase-messaging:20.2.1] AndroidManifest.xml:41:17-82
79            <meta-data
79-->[com.google.android.gms:play-services-measurement-api:17.4.3] AndroidManifest.xml:30:13-32:85
80                android:name="com.google.firebase.components:com.google.firebase.analytics.connector.internal.AnalyticsConnectorRegistrar"
80-->[com.google.android.gms:play-services-measurement-api:17.4.3] AndroidManifest.xml:31:17-139
81                android:value="com.google.firebase.components.ComponentRegistrar" />
81-->[com.google.android.gms:play-services-measurement-api:17.4.3] AndroidManifest.xml:32:17-82
82            <meta-data
82-->[com.google.firebase:firebase-iid:20.2.1] AndroidManifest.xml:32:13-34:85
83                android:name="com.google.firebase.components:com.google.firebase.iid.Registrar"
83-->[com.google.firebase:firebase-iid:20.2.1] AndroidManifest.xml:33:17-96
84                android:value="com.google.firebase.components.ComponentRegistrar" />
84-->[com.google.firebase:firebase-iid:20.2.1] AndroidManifest.xml:34:17-82
85            <meta-data
85-->[com.google.firebase:firebase-datatransport:17.0.3] AndroidManifest.xml:28:13-30:85
86                android:name="com.google.firebase.components:com.google.firebase.datatransport.TransportRegistrar"
86-->[com.google.firebase:firebase-datatransport:17.0.3] AndroidManifest.xml:29:17-115
87                android:value="com.google.firebase.components.ComponentRegistrar" />
87-->[com.google.firebase:firebase-datatransport:17.0.3] AndroidManifest.xml:30:17-82
88            <meta-data
88-->[com.google.firebase:firebase-installations:16.3.2] AndroidManifest.xml:17:13-19:85
89                android:name="com.google.firebase.components:com.google.firebase.installations.FirebaseInstallationsRegistrar"
89-->[com.google.firebase:firebase-installations:16.3.2] AndroidManifest.xml:18:17-127
90                android:value="com.google.firebase.components.ComponentRegistrar" />
90-->[com.google.firebase:firebase-installations:16.3.2] AndroidManifest.xml:19:17-82
91        </service>
92        <service android:name="io.flutter.plugins.firebasemessaging.FlutterFirebaseMessagingService" >
92-->[:firebase_messaging] AndroidManifest.xml:8:9-12:19
92-->[:firebase_messaging] AndroidManifest.xml:8:18-101
93            <intent-filter>
93-->[:firebase_messaging] AndroidManifest.xml:9:13-11:29
94                <action android:name="com.google.firebase.MESSAGING_EVENT" />
94-->[:firebase_messaging] AndroidManifest.xml:10:17-78
94-->[:firebase_messaging] AndroidManifest.xml:10:25-75
95            </intent-filter>
96        </service>
97
98        <activity
98-->[:url_launcher] AndroidManifest.xml:8:9-11:74
99            android:name="io.flutter.plugins.urllauncher.WebViewActivity"
99-->[:url_launcher] AndroidManifest.xml:9:13-74
100            android:exported="false"
100-->[:url_launcher] AndroidManifest.xml:10:13-37
101            android:theme="@android:style/Theme.NoTitleBar.Fullscreen" />
101-->[:url_launcher] AndroidManifest.xml:11:13-71
102        <!--
103             FirebaseMessagingService performs security checks at runtime,
104             but set to not exported to explicitly avoid allowing another app to call it.
105        -->
106        <service
106-->[com.google.firebase:firebase-messaging:20.2.1] AndroidManifest.xml:28:9-35:19
107            android:name="com.google.firebase.messaging.FirebaseMessagingService"
107-->[com.google.firebase:firebase-messaging:20.2.1] AndroidManifest.xml:29:13-82
108            android:directBootAware="true"
108-->[com.google.firebase:firebase-messaging:20.2.1] AndroidManifest.xml:30:13-43
109            android:exported="false" >
109-->[com.google.firebase:firebase-messaging:20.2.1] AndroidManifest.xml:31:13-37
110            <intent-filter android:priority="-500" >
110-->[:firebase_messaging] AndroidManifest.xml:9:13-11:29
111                <action android:name="com.google.firebase.MESSAGING_EVENT" />
111-->[:firebase_messaging] AndroidManifest.xml:10:17-78
111-->[:firebase_messaging] AndroidManifest.xml:10:25-75
112            </intent-filter>
113        </service>
114
115        <receiver
115-->[com.google.android.gms:play-services-measurement:17.4.3] AndroidManifest.xml:29:9-33:20
116            android:name="com.google.android.gms.measurement.AppMeasurementReceiver"
116-->[com.google.android.gms:play-services-measurement:17.4.3] AndroidManifest.xml:30:13-85
117            android:enabled="true"
117-->[com.google.android.gms:play-services-measurement:17.4.3] AndroidManifest.xml:31:13-35
118            android:exported="false" >
118-->[com.google.android.gms:play-services-measurement:17.4.3] AndroidManifest.xml:32:13-37
119        </receiver>
120
121        <service
121-->[com.google.android.gms:play-services-measurement:17.4.3] AndroidManifest.xml:35:9-38:40
122            android:name="com.google.android.gms.measurement.AppMeasurementService"
122-->[com.google.android.gms:play-services-measurement:17.4.3] AndroidManifest.xml:36:13-84
123            android:enabled="true"
123-->[com.google.android.gms:play-services-measurement:17.4.3] AndroidManifest.xml:37:13-35
124            android:exported="false" />
124-->[com.google.android.gms:play-services-measurement:17.4.3] AndroidManifest.xml:38:13-37
125        <service
125-->[com.google.android.gms:play-services-measurement:17.4.3] AndroidManifest.xml:39:9-43:72
126            android:name="com.google.android.gms.measurement.AppMeasurementJobService"
126-->[com.google.android.gms:play-services-measurement:17.4.3] AndroidManifest.xml:40:13-87
127            android:enabled="true"
127-->[com.google.android.gms:play-services-measurement:17.4.3] AndroidManifest.xml:41:13-35
128            android:exported="false"
128-->[com.google.android.gms:play-services-measurement:17.4.3] AndroidManifest.xml:42:13-37
129            android:permission="android.permission.BIND_JOB_SERVICE" />
129-->[com.google.android.gms:play-services-measurement:17.4.3] AndroidManifest.xml:43:13-69
130
131        <receiver
131-->[com.google.firebase:firebase-iid:20.2.1] AndroidManifest.xml:37:9-44:20
132            android:name="com.google.firebase.iid.FirebaseInstanceIdReceiver"
132-->[com.google.firebase:firebase-iid:20.2.1] AndroidManifest.xml:38:13-78
133            android:exported="true"
133-->[com.google.firebase:firebase-iid:20.2.1] AndroidManifest.xml:39:13-36
134            android:permission="com.google.android.c2dm.permission.SEND" >
134-->[com.google.firebase:firebase-iid:20.2.1] AndroidManifest.xml:40:13-73
135            <intent-filter>
135-->[com.google.firebase:firebase-iid:20.2.1] AndroidManifest.xml:41:13-43:29
136                <action android:name="com.google.android.c2dm.intent.RECEIVE" />
136-->[com.google.firebase:firebase-iid:20.2.1] AndroidManifest.xml:42:17-81
136-->[com.google.firebase:firebase-iid:20.2.1] AndroidManifest.xml:42:25-78
137            </intent-filter>
138        </receiver>
139
140        <provider
140-->[com.google.firebase:firebase-common:19.3.0] AndroidManifest.xml:26:9-30:39
141            android:name="com.google.firebase.provider.FirebaseInitProvider"
141-->[com.google.firebase:firebase-common:19.3.0] AndroidManifest.xml:27:13-77
142            android:authorities="br.com.newpointer.fenix.bi.firebaseinitprovider"
142-->[com.google.firebase:firebase-common:19.3.0] AndroidManifest.xml:28:13-72
143            android:exported="false"
143-->[com.google.firebase:firebase-common:19.3.0] AndroidManifest.xml:29:13-37
144            android:initOrder="100" />
144-->[com.google.firebase:firebase-common:19.3.0] AndroidManifest.xml:30:13-36
145
146        <activity
146-->[com.google.android.gms:play-services-base:17.0.0] AndroidManifest.xml:23:9-26:75
147            android:name="com.google.android.gms.common.api.GoogleApiActivity"
147-->[com.google.android.gms:play-services-base:17.0.0] AndroidManifest.xml:24:13-79
148            android:exported="false"
148-->[com.google.android.gms:play-services-base:17.0.0] AndroidManifest.xml:25:13-37
149            android:theme="@android:style/Theme.Translucent.NoTitleBar" />
149-->[com.google.android.gms:play-services-base:17.0.0] AndroidManifest.xml:26:13-72
150
151        <meta-data
151-->[com.google.android.gms:play-services-basement:17.0.0] AndroidManifest.xml:23:9-25:69
152            android:name="com.google.android.gms.version"
152-->[com.google.android.gms:play-services-basement:17.0.0] AndroidManifest.xml:24:13-58
153            android:value="@integer/google_play_services_version" />
153-->[com.google.android.gms:play-services-basement:17.0.0] AndroidManifest.xml:25:13-66
154
155        <activity
155-->[androidx.biometric:biometric:1.0.0-beta01] AndroidManifest.xml:28:9-30:67
156            android:name="androidx.biometric.DeviceCredentialHandlerActivity"
156-->[androidx.biometric:biometric:1.0.0-beta01] AndroidManifest.xml:29:13-78
157            android:theme="@style/DeviceCredentialHandlerTheme" />
157-->[androidx.biometric:biometric:1.0.0-beta01] AndroidManifest.xml:30:13-64
158
159        <service
159-->[com.google.android.datatransport:transport-backend-cct:2.2.0] AndroidManifest.xml:29:9-35:19
160            android:name="com.google.android.datatransport.runtime.backends.TransportBackendDiscovery"
160-->[com.google.android.datatransport:transport-backend-cct:2.2.0] AndroidManifest.xml:30:13-103
161            android:exported="false" >
161-->[com.google.android.datatransport:transport-backend-cct:2.2.0] AndroidManifest.xml:31:13-37
162            <meta-data
162-->[com.google.android.datatransport:transport-backend-cct:2.2.0] AndroidManifest.xml:32:13-34:39
163                android:name="backend:com.google.android.datatransport.cct.CctBackendFactory"
163-->[com.google.android.datatransport:transport-backend-cct:2.2.0] AndroidManifest.xml:33:17-94
164                android:value="cct" />
164-->[com.google.android.datatransport:transport-backend-cct:2.2.0] AndroidManifest.xml:34:17-36
165        </service>
166        <service
166-->[com.google.android.datatransport:transport-runtime:2.2.0] AndroidManifest.xml:26:9-30:19
167            android:name="com.google.android.datatransport.runtime.scheduling.jobscheduling.JobInfoSchedulerService"
167-->[com.google.android.datatransport:transport-runtime:2.2.0] AndroidManifest.xml:27:13-117
168            android:exported="false"
168-->[com.google.android.datatransport:transport-runtime:2.2.0] AndroidManifest.xml:28:13-37
169            android:permission="android.permission.BIND_JOB_SERVICE" >
169-->[com.google.android.datatransport:transport-runtime:2.2.0] AndroidManifest.xml:29:13-69
170        </service>
171
172        <receiver
172-->[com.google.android.datatransport:transport-runtime:2.2.0] AndroidManifest.xml:32:9-34:40
173            android:name="com.google.android.datatransport.runtime.scheduling.jobscheduling.AlarmManagerSchedulerBroadcastReceiver"
173-->[com.google.android.datatransport:transport-runtime:2.2.0] AndroidManifest.xml:33:13-132
174            android:exported="false" />
174-->[com.google.android.datatransport:transport-runtime:2.2.0] AndroidManifest.xml:34:13-37
175    </application>
176
177</manifest>